2019-11-29 01:32:27.267 | INFO     | __main__:amz_run:111 - processing: TCL-55S425-inch-Smart-Roku
2019-11-29 01:32:39.557 | INFO     | __main__:amz_run:119 - processed: TCL-55S425-inch-Smart-Roku
2019-11-29 01:32:39.558 | INFO     | __main__:amz_run:111 - processing: Toshiba-32LF221U19-32-inch-720p-Smart
2019-11-29 01:32:49.321 | INFO     | __main__:amz_run:119 - processed: Toshiba-32LF221U19-32-inch-720p-Smart
2019-11-29 01:32:49.321 | INFO     | __main__:amz_run:111 - processing: TCL-50S425-inch-Smart-Roku
2019-11-29 01:33:01.447 | INFO     | __main__:amz_run:119 - processed: TCL-50S425-inch-Smart-Roku
2019-11-29 01:33:01.448 | INFO     | __main__:amz_run:111 - processing: TCL-32S327-32-Inch-1080p-Smart
2019-11-29 01:33:13.471 | INFO     | __main__:amz_run:119 - processed: TCL-32S327-32-Inch-1080p-Smart
2019-11-29 01:33:13.472 | INFO     | __main__:amz_run:111 - processing: TCL-40S325-Inch-1080p-Smart
2019-11-29 01:33:26.876 | INFO     | __main__:amz_run:119 - processed: TCL-40S325-Inch-1080p-Smart
2019-11-29 01:33:26.877 | INFO     | __main__:amz_run:111 - processing: Samsung-UN50RU7100FXZA-FLAT-UHD-Smart
2019-11-29 01:33:38.537 | INFO     | __main__:amz_run:119 - processed: Samsung-UN50RU7100FXZA-FLAT-UHD-Smart
2019-11-29 01:33:38.538 | INFO     | __main__:amz_run:111 - processing: Samsung-UN65RU7100FXZA-Flat-UHD-Smart
2019-11-29 01:33:53.568 | INFO     | __main__:amz_run:119 - processed: Samsung-UN65RU7100FXZA-Flat-UHD-Smart
2019-11-29 01:33:53.568 | INFO     | __main__:amz_run:111 - processing: Toshiba-55LF711U20-55-inch-Ultra-Smart
2019-11-29 01:34:07.530 | INFO     | __main__:amz_run:119 - processed: Toshiba-55LF711U20-55-inch-Ultra-Smart
2019-11-29 01:34:07.531 | INFO     | __main__:amz_run:111 - processing: TOSHIBA-50LF711U20-50-inch-Ultra-Smart
2019-11-29 01:34:22.282 | INFO     | __main__:amz_run:119 - processed: TOSHIBA-50LF711U20-50-inch-Ultra-Smart
2019-11-29 01:34:22.283 | INFO     | __main__:amz_run:111 - processing: TCL-32S325-Inch-720p-Smart
2019-11-29 01:34:33.330 | INFO     | __main__:amz_run:119 - processed: TCL-32S325-Inch-720p-Smart
2019-11-29 01:34:33.330 | INFO     | __main__:amz_run:111 - processing: Samsung-UN43RU7100FXZA-FLAT-UHD-Smart
2019-11-29 01:34:46.751 | INFO     | __main__:amz_run:119 - processed: Samsung-UN43RU7100FXZA-FLAT-UHD-Smart
2019-11-29 01:34:46.751 | INFO     | __main__:amz_run:111 - processing: LG-55UM7300PUA-Alexa-Built-Ultra
2019-11-29 01:34:58.559 | ERROR    | __main__:amz_tag_price:68 - amz-price not found
2019-11-29 01:34:58.565 | INFO     | __main__:amz_run:119 - processed: LG-55UM7300PUA-Alexa-Built-Ultra
2019-11-29 01:34:58.565 | INFO     | __main__:amz_run:111 - processing: LG-65UM7300PUA-Alexa-Built-Ultra
2019-11-29 01:35:10.918 | INFO     | __main__:amz_run:119 - processed: LG-65UM7300PUA-Alexa-Built-Ultra
2019-11-29 01:35:10.919 | INFO     | __main__:amz_run:111 - processing: TCL-Class-Dolby-Vision-Smart
2019-11-29 01:35:24.132 | INFO     | __main__:amz_run:119 - processed: TCL-Class-Dolby-Vision-Smart
2019-11-29 01:35:24.132 | INFO     | __main__:amz_run:111 - processing: TCL-43S425-Inch-Ultra-Smart
2019-11-29 01:35:36.278 | INFO     | __main__:amz_run:119 - processed: TCL-43S425-Inch-Ultra-Smart
2019-11-29 01:35:36.279 | INFO     | __main__:amz_run:111 - processing: TCL-Class-Dolby-Vision-Smart
2019-11-29 01:35:52.562 | ERROR    | __main__:amz_tag_price:68 - amz-price not found
2019-11-29 01:35:52.568 | INFO     | __main__:amz_run:119 - processed: TCL-Class-Dolby-Vision-Smart
2019-11-29 01:35:52.569 | INFO     | __main__:amz_run:111 - processing: Samsung-Electronics-Smart-LED-UN55NU6900FXZA
2019-11-29 01:36:04.050 | ERROR    | __main__:amz_tag_price:68 - amz-price not found
2019-11-29 01:36:04.065 | INFO     | __main__:amz_run:119 - processed: Samsung-Electronics-Smart-LED-UN55NU6900FXZA
2019-11-29 01:36:04.066 | INFO     | __main__:amz_run:111 - processing: Samsung-UN55RU7100FXZA-55-Inch-Ultra-Smart
2019-11-29 01:36:15.219 | INFO     | __main__:amz_run:119 - processed: Samsung-UN55RU7100FXZA-55-Inch-Ultra-Smart
2019-11-29 01:36:15.219 | INFO     | __main__:amz_run:111 - processing: Toshiba-43LF421U19-43-inch-1080p-Smart
2019-11-29 01:36:24.930 | INFO     | __main__:amz_run:119 - processed: Toshiba-43LF421U19-43-inch-1080p-Smart
2019-11-29 01:36:24.931 | INFO     | __main__:amz_run:111 - processing: Samsung-UN65RU8000FXZA-FLAT-UHD-Smart
2019-11-29 01:36:41.066 | INFO     | __main__:amz_run:119 - processed: Samsung-UN65RU8000FXZA-FLAT-UHD-Smart
2019-11-29 01:36:41.066 | INFO     | __main__:amz_run:111 - processing: Samsung-UN55RU8000FXZA-FLAT-UHD-Smart
2019-11-29 01:36:52.322 | INFO     | __main__:amz_run:119 - processed: Samsung-UN55RU8000FXZA-FLAT-UHD-Smart
2019-11-29 01:36:52.322 | INFO     | __main__:amz_run:111 - processing: Samsung-UN65RU7300FXZA-CURVED-UHD-Smart
2019-11-29 01:37:05.456 | INFO     | __main__:amz_run:119 - processed: Samsung-UN65RU7300FXZA-CURVED-UHD-Smart
2019-11-29 01:37:05.456 | INFO     | __main__:amz_run:111 - processing: VIZIO-Quantum-Class-Diag-Smart
2019-11-29 01:37:18.929 | INFO     | __main__:amz_run:119 - processed: VIZIO-Quantum-Class-Diag-Smart
2019-11-29 01:37:18.929 | INFO     | __main__:amz_run:111 - processing: TCL-Class-Dolby-Vision-Smart
2019-11-29 01:37:29.722 | INFO     | __main__:amz_run:119 - processed: TCL-Class-Dolby-Vision-Smart
2019-11-29 01:37:29.723 | INFO     | __main__:amz_run:111 - processing: Samsung-UN75RU7100FXZA-FLAT-UHD-Smart
2019-11-29 01:37:40.908 | INFO     | __main__:amz_run:119 - processed: Samsung-UN75RU7100FXZA-FLAT-UHD-Smart
2019-11-29 01:37:40.908 | INFO     | __main__:amz_run:111 - processing: Samsung-UN58RU7100FXZA-FLAT-UHD-Smart
2019-11-29 01:37:51.661 | INFO     | __main__:amz_run:119 - processed: Samsung-UN58RU7100FXZA-FLAT-UHD-Smart
2019-11-29 01:37:51.662 | INFO     | __main__:amz_run:111 - processing: Sceptre-X438BV-FSR-inches-1080p-Metal
2019-11-29 01:38:00.967 | INFO     | __main__:amz_run:119 - processed: Sceptre-X438BV-FSR-inches-1080p-Metal
2019-11-29 01:38:00.967 | INFO     | __main__:amz_run:111 - processing: Sceptre-Ultra-3840x2160-Metal-U518CV-UM
2019-11-29 01:38:11.065 | INFO     | __main__:amz_run:119 - processed: Sceptre-Ultra-3840x2160-Metal-U518CV-UM
2019-11-29 01:38:11.066 | INFO     | __main__:amz_run:111 - processing: Toshiba-43LF621U19-43-inch-Ultra-Smart
2019-11-29 01:38:23.164 | INFO     | __main__:amz_run:119 - processed: Toshiba-43LF621U19-43-inch-Ultra-Smart
2019-11-29 01:38:23.165 | INFO     | __main__:amz_run:111 - processing: Samsung-QN65Q70RAFXZA-65-Inch-Ultra-Smart
2019-11-29 01:38:36.289 | INFO     | __main__:amz_run:119 - processed: Samsung-QN65Q70RAFXZA-65-Inch-Ultra-Smart
2019-11-29 01:38:36.290 | INFO     | __main__:amz_run:111 - processing: TCL-Class-Dolby-Vision-Smart
2019-11-29 01:38:49.051 | INFO     | __main__:amz_run:119 - processed: TCL-Class-Dolby-Vision-Smart
2019-11-29 01:38:49.051 | INFO     | __main__:amz_run:111 - processing: Samsung-UN55RU7300FXZA-CURVED-UHD-Smart
2019-11-29 01:39:02.547 | INFO     | __main__:amz_run:119 - processed: Samsung-UN55RU7300FXZA-CURVED-UHD-Smart
2019-11-29 01:39:02.547 | INFO     | __main__:amz_run:111 - processing: TCL-Class-Dolby-Vision-Smart
2019-11-29 01:39:14.421 | INFO     | __main__:amz_run:119 - processed: TCL-Class-Dolby-Vision-Smart
2019-11-29 01:39:14.422 | INFO     | __main__:amz_run:111 - processing: Sony-XBR65X900F-65-Inch-Ultra-Compatibility
2019-11-29 01:39:27.394 | INFO     | __main__:amz_run:119 - processed: Sony-XBR65X900F-65-Inch-Ultra-Compatibility
2019-11-29 01:39:27.395 | INFO     | __main__:amz_run:111 - processing: Element-ELEFW328R-32in-720p-Renewed
2019-11-29 01:39:38.696 | INFO     | __main__:amz_run:119 - processed: Element-ELEFW328R-32in-720p-Renewed
2019-11-29 01:39:38.696 | INFO     | __main__:amz_run:111 - processing: Sony-X800G-65-Inch-Compatibility
2019-11-29 01:39:52.612 | INFO     | __main__:amz_run:119 - processed: Sony-X800G-65-Inch-Compatibility
2019-11-29 01:39:52.613 | INFO     | __main__:amz_run:111 - processing: Sony-XBR75X900F-75-Inch-Ultra-Compatibility
2019-11-29 01:40:07.175 | INFO     | __main__:amz_run:119 - processed: Sony-XBR75X900F-75-Inch-Ultra-Compatibility
2019-11-29 01:40:07.176 | INFO     | __main__:amz_run:111 - processing: TCL-49S325-Inch-1080p-Smart
2019-11-29 01:40:17.010 | INFO     | __main__:amz_run:119 - processed: TCL-49S325-Inch-1080p-Smart
2019-11-29 01:40:17.010 | INFO     | __main__:amz_run:111 - processing: LG-Electronics-22LJ4540-22-Inch-Class
2019-11-29 01:40:26.763 | INFO     | __main__:amz_run:119 - processed: LG-Electronics-22LJ4540-22-Inch-Class
2019-11-29 01:40:26.764 | INFO     | __main__:amz_run:111 - processing: Samsung-UN75RU8000FXZA-Flat-UHD-Smart
2019-11-29 01:40:38.582 | INFO     | __main__:amz_run:119 - processed: Samsung-UN75RU8000FXZA-Flat-UHD-Smart
2019-11-29 01:40:38.583 | INFO     | __main__:amz_run:111 - processing: LG-Electronics-24LJ4540-24-Inch-Model
2019-11-29 01:40:50.636 | INFO     | __main__:amz_run:119 - processed: LG-Electronics-24LJ4540-24-Inch-Model
2019-11-29 01:40:50.636 | INFO     | __main__:amz_run:111 - processing: LG-55SM8600PUA-Ultra-Smart-NanoCell
2019-11-29 01:41:01.945 | INFO     | __main__:amz_run:119 - processed: LG-55SM8600PUA-Ultra-Smart-NanoCell
2019-11-29 01:41:01.945 | INFO     | __main__:amz_run:111 - processing: LG-65SM8600PUA-Alexa-Built-NanoCell
2019-11-29 01:41:14.276 | INFO     | __main__:amz_run:119 - processed: LG-65SM8600PUA-Alexa-Built-NanoCell
2019-11-29 01:41:14.277 | INFO     | __main__:amz_run:111 - processing: TCL-Class-Dolby-Vision-Smart
2019-11-29 01:41:26.722 | INFO     | __main__:amz_run:119 - processed: TCL-Class-Dolby-Vision-Smart
2019-11-29 01:41:26.722 | INFO     | __main__:amz_run:111 - processing: LG-43UM7300PUA-Alexa-Built-Ultra
2019-11-29 01:41:38.634 | INFO     | __main__:amz_run:119 - processed: LG-43UM7300PUA-Alexa-Built-Ultra
2019-11-29 01:41:38.635 | INFO     | __main__:amz_run:111 - processing: Hisense-65H9F-65-inch-Ultra-Android
2019-11-29 01:41:51.583 | ERROR    | __main__:amz_tag_price:68 - amz-price not found
2019-11-29 01:41:51.591 | INFO     | __main__:amz_run:119 - processed: Hisense-65H9F-65-inch-Ultra-Android
2019-11-29 01:41:51.592 | INFO     | __main__:amz_run:111 - processing: Samsung-UN82RU8000FXZA-Flat-UHD-Smart
2019-11-29 01:42:04.498 | INFO     | __main__:amz_run:119 - processed: Samsung-UN82RU8000FXZA-Flat-UHD-Smart
2019-11-29 01:42:04.499 | INFO     | __main__:amz_run:111 - processing: LG-Electronics-24LH4830-PU-24-Inch-Smart
2019-11-29 01:42:15.755 | INFO     | __main__:amz_run:119 - processed: LG-Electronics-24LH4830-PU-24-Inch-Smart
2019-11-29 01:42:15.756 | INFO     | __main__:amz_run:111 - processing: Samsung-QN55Q70RAFXZA-Flat-QLED-Smart
2019-11-29 01:42:27.287 | INFO     | __main__:amz_run:119 - processed: Samsung-QN55Q70RAFXZA-Flat-QLED-Smart
2019-11-29 01:42:27.288 | INFO     | __main__:amz_run:111 - processing: Sceptre-X328BV-SR-32-Inch-720p-Model
2019-11-29 01:42:49.907 | INFO     | __main__:amz_run:119 - processed: Sceptre-X328BV-SR-32-Inch-720p-Model
2019-11-29 01:42:49.908 | INFO     | __main__:amz_run:111 - processing: TCL-55S425-Channel-Theater-Subwoofer
2019-11-29 01:43:00.366 | INFO     | __main__:amz_run:119 - processed: TCL-55S425-Channel-Theater-Subwoofer
2019-11-29 01:43:00.366 | INFO     | __main__:amz_run:111 - processing: Samsung-QN55Q70RAFXZA-Flat-QLED-Smart
2019-11-29 01:43:17.835 | INFO     | __main__:amz_run:119 - processed: Samsung-QN55Q70RAFXZA-Flat-QLED-Smart
2019-11-29 01:43:17.835 | INFO     | __main__:amz_run:111 - processing: Sony-X800G-43-Inch-Compatibility
2019-11-29 01:43:31.232 | INFO     | __main__:amz_run:119 - processed: Sony-X800G-43-Inch-Compatibility
2019-11-29 01:43:31.232 | INFO     | __main__:amz_run:111 - processing: Komodo-Sceptre-HDMI-Metal-Black
2019-11-29 01:43:42.635 | INFO     | __main__:amz_run:119 - processed: Komodo-Sceptre-HDMI-Metal-Black
2019-11-29 01:43:42.635 | INFO     | __main__:amz_run:111 - processing: LG-86UM8070PUA-Ultra-Smart-Black
2019-11-29 01:43:54.488 | INFO     | __main__:amz_run:119 - processed: LG-86UM8070PUA-Ultra-Smart-Black
2019-11-29 01:43:54.488 | INFO     | __main__:amz_run:111 - processing: Hisense-32H5590F-32-inch-Android-Smart
2019-11-29 01:44:09.151 | INFO     | __main__:amz_run:119 - processed: Hisense-32H5590F-32-inch-Android-Smart
2019-11-29 01:44:09.152 | INFO     | __main__:amz_run:111 - processing: Samsung-UN49RU8000FXZA-Flat-UHD-Smart
2019-11-29 01:44:24.735 | INFO     | __main__:amz_run:119 - processed: Samsung-UN49RU8000FXZA-Flat-UHD-Smart
2019-11-29 01:44:24.735 | INFO     | __main__:amz_run:111 - processing: Hisense-40H5590F-40-inch-1080p-Android
2019-11-29 01:44:35.832 | INFO     | __main__:amz_run:119 - processed: Hisense-40H5590F-40-inch-1080p-Android
2019-11-29 01:44:35.832 | INFO     | __main__:amz_run:111 - processing: Hisense-50R7E-50-inch-Ultra-Smart
2019-11-29 01:44:47.679 | INFO     | __main__:amz_run:119 - processed: Hisense-50R7E-50-inch-Ultra-Smart
2019-11-29 01:44:47.679 | INFO     | __main__:amz_run:111 - processing: TCL-1080p-Smart-Roku-Renewed
2019-11-29 01:44:59.485 | INFO     | __main__:amz_run:119 - processed: TCL-1080p-Smart-Roku-Renewed
2019-11-29 01:44:59.486 | INFO     | __main__:amz_run:111 - processing: VIZIO-Quantum-Class-Diag-Smart
2019-11-29 01:45:09.506 | INFO     | __main__:amz_run:119 - processed: VIZIO-Quantum-Class-Diag-Smart
2019-11-29 01:45:09.506 | INFO     | __main__:amz_run:111 - processing: Samsung-QN75Q80RAFXZA-Flat-QLED-Smart
2019-11-29 01:45:21.439 | INFO     | __main__:amz_run:119 - processed: Samsung-QN75Q80RAFXZA-Flat-QLED-Smart
2019-11-29 01:45:21.440 | INFO     | __main__:amz_run:111 - processing: Sony-KD55X750F-55-Inch-Ultra-Smart
2019-11-29 01:45:34.309 | INFO     | __main__:amz_run:119 - processed: Sony-KD55X750F-55-Inch-Ultra-Smart
2019-11-29 01:45:34.309 | INFO     | __main__:amz_run:111 - processing: Samsung-QN82Q70RAFXZA-Flat-QLED-Smart
2019-11-29 01:45:44.957 | INFO     | __main__:amz_run:119 - processed: Samsung-QN82Q70RAFXZA-Flat-QLED-Smart
2019-11-29 01:45:44.957 | INFO     | __main__:amz_run:111 - processing: Samsung-QN65Q80RAFXZA-Flat-QLED-Smart
2019-11-29 01:45:57.231 | INFO     | __main__:amz_run:119 - processed: Samsung-QN65Q80RAFXZA-Flat-QLED-Smart
2019-11-29 01:45:57.231 | INFO     | __main__:amz_run:111 - processing: Samsung-QN49Q70RAFXZA-Flat-QLED-Q70
2019-11-29 01:46:10.002 | INFO     | __main__:amz_run:119 - processed: Samsung-QN49Q70RAFXZA-Flat-QLED-Q70
2019-11-29 01:46:10.002 | INFO     | __main__:amz_run:111 - processing: Sony-X950G-65-Inch-XBR65X950G
2019-11-29 01:46:23.613 | INFO     | __main__:amz_run:119 - processed: Sony-X950G-65-Inch-XBR65X950G
2019-11-29 01:46:23.614 | INFO     | __main__:amz_run:111 - processing: Samsung-Electronics-UN32N5300AFXZA-1080p-Smart
2019-11-29 01:46:34.490 | ERROR    | __main__:amz_tag_price:68 - amz-price not found
2019-11-29 01:46:34.498 | INFO     | __main__:amz_run:119 - processed: Samsung-Electronics-UN32N5300AFXZA-1080p-Smart
2019-11-29 01:46:34.498 | INFO     | __main__:amz_run:111 - processing: Sony-X800G-75-Inch-Compatibility
2019-11-29 01:46:46.719 | INFO     | __main__:amz_run:119 - processed: Sony-X800G-75-Inch-Compatibility
2019-11-29 01:46:46.720 | INFO     | __main__:amz_run:111 - processing: VIZIO-Class-23-5-Diag-Smart
2019-11-29 01:46:57.056 | INFO     | __main__:amz_run:119 - processed: VIZIO-Class-23-5-Diag-Smart
2019-11-29 01:46:57.056 | INFO     | __main__:amz_run:111 - processing: Samsung-QN75Q70RAFXZA-Flat-QLED-Smart
2019-11-29 01:47:09.330 | INFO     | __main__:amz_run:119 - processed: Samsung-QN75Q70RAFXZA-Flat-QLED-Smart
2019-11-29 01:47:09.330 | INFO     | __main__:amz_run:111 - processing: Sony-X950G-55-Inch-TV
2019-11-29 01:47:21.734 | INFO     | __main__:amz_run:119 - processed: Sony-X950G-55-Inch-TV
2019-11-29 01:47:21.734 | INFO     | __main__:amz_run:111 - processing: Samsung-QN55Q80RAFXZA-Flat-QLED-Q80
2019-11-29 01:47:34.247 | INFO     | __main__:amz_run:119 - processed: Samsung-QN55Q80RAFXZA-Flat-QLED-Q80
2019-11-29 01:47:34.247 | INFO     | __main__:amz_run:111 - processing: Samsung-Electronics-Smart-LED-UN65NU6900FXZA
2019-11-29 01:47:46.088 | ERROR    | __main__:amz_tag_price:68 - amz-price not found
2019-11-29 01:47:46.094 | INFO     | __main__:amz_run:119 - processed: Samsung-Electronics-Smart-LED-UN65NU6900FXZA
2019-11-29 01:47:46.094 | INFO     | __main__:amz_run:111 - processing: TCL-75R617-75-Inch-Ultra-Smart
2019-11-29 01:47:58.261 | INFO     | __main__:amz_run:119 - processed: TCL-75R617-75-Inch-Ultra-Smart
2019-11-29 01:47:58.262 | INFO     | __main__:amz_run:111 - processing: WHOOSH-Screen-Cleaner-Kit-Smartphones
2019-11-29 01:48:09.550 | INFO     | __main__:amz_run:119 - processed: WHOOSH-Screen-Cleaner-Kit-Smartphones
2019-11-29 01:48:09.550 | INFO     | __main__:amz_run:111 - processing: LG-65SM8100AUA-Alexa-Built-NanoCell
2019-11-29 01:48:20.146 | INFO     | __main__:amz_run:119 - processed: LG-65SM8100AUA-Alexa-Built-NanoCell
2019-11-29 01:48:20.147 | INFO     | __main__:amz_run:111 - processing: Element-ELEFW195R-19in-720p-Renewed
2019-11-29 01:48:32.574 | INFO     | __main__:amz_run:119 - processed: Element-ELEFW195R-19in-720p-Renewed
2019-11-29 01:48:32.574 | INFO     | __main__:amz_run:111 - processing: Samsung-UN65RU7100FXZA-Smart-HW-R650-Sound
2019-11-29 01:48:43.624 | INFO     | __main__:amz_run:119 - processed: Samsung-UN65RU7100FXZA-Smart-HW-R650-Sound
2019-11-29 01:48:43.624 | INFO     | __main__:amz_run:111 - processing: Sony-X800G-49-Inch-Compatibility
2019-11-29 01:48:57.041 | INFO     | __main__:amz_run:119 - processed: Sony-X800G-49-Inch-Compatibility
2019-11-29 01:48:57.042 | INFO     | __main__:amz_run:111 - processing: LG-OLED55C9PUA-Ultra-Smart-Renewed
2019-11-29 01:49:07.504 | INFO     | __main__:amz_run:119 - processed: LG-OLED55C9PUA-Ultra-Smart-Renewed
2019-11-29 01:49:07.504 | INFO     | __main__:amz_run:111 - processing: Sceptre-1080p-Clear-Machine-Black
2019-11-29 01:49:18.497 | INFO     | __main__:amz_run:119 - processed: Sceptre-1080p-Clear-Machine-Black
2019-11-29 01:49:18.498 | INFO     | __main__:amz_run:111 - processing: Vizio-Smart-Smartcast-Chromecast-Included
2019-11-29 01:49:28.722 | INFO     | __main__:amz_run:119 - processed: Vizio-Smart-Smartcast-Chromecast-Included
2019-11-29 01:49:28.722 | INFO     | __main__:amz_run:111 - processing: TCL-Channel-Theater-Wireless-Subwoofer
2019-11-29 01:49:41.193 | INFO     | __main__:amz_run:119 - processed: TCL-Channel-Theater-Wireless-Subwoofer
2019-11-29 01:49:41.193 | INFO     | __main__:amz_run:111 - processing: Samsung-QN65Q90RAFXZA-Flat-QLED-Q90
2019-11-29 01:49:53.964 | INFO     | __main__:amz_run:119 - processed: Samsung-QN65Q90RAFXZA-Flat-QLED-Q90
2019-11-29 01:49:53.964 | INFO     | __main__:amz_run:111 - processing: TCL-43S425-Ultra-Channel-Theater
2019-11-29 01:50:03.955 | INFO     | __main__:amz_run:119 - processed: TCL-43S425-Ultra-Channel-Theater
2019-11-29 01:50:03.955 | INFO     | __main__:amz_run:111 - processing: LG-Electronics-32LJ500B-32-Inch-Model
2019-11-29 01:50:15.020 | INFO     | __main__:amz_run:119 - processed: LG-Electronics-32LJ500B-32-Inch-Model
2019-11-29 01:50:15.020 | INFO     | __main__:amz_run:111 - processing: LG-82UM8070PUA-Ultra-Smart-Black
2019-11-29 01:50:33.724 | INFO     | __main__:amz_run:119 - processed: LG-82UM8070PUA-Ultra-Smart-Black
2019-11-29 01:50:33.724 | INFO     | __main__:amz_run:111 - processing: VIZIO-SmartCast-Full-Array-Certified-Refurbished
2019-11-29 01:50:44.020 | INFO     | __main__:amz_run:119 - processed: VIZIO-SmartCast-Full-Array-Certified-Refurbished
2019-11-29 01:50:44.020 | INFO     | __main__:amz_run:111 - processing: Samsung-Electronics-UN32M4500A-32-Inch-Smart
2019-11-29 01:50:54.804 | INFO     | __main__:amz_run:119 - processed: Samsung-Electronics-UN32M4500A-32-Inch-Smart
2019-11-29 01:50:54.805 | INFO     | __main__:amz_run:111 - processing: Samsung-Electronics-Smart-LED-UN43NU6900FXZA
2019-11-29 01:51:07.453 | ERROR    | __main__:amz_tag_price:68 - amz-price not found
2019-11-29 01:51:07.463 | INFO     | __main__:amz_run:119 - processed: Samsung-Electronics-Smart-LED-UN43NU6900FXZA
2019-11-29 01:51:07.463 | INFO     | __main__:amz_run:111 - processing: Sceptre-Class-FHD-1080P-X505BV-FSR
2019-11-29 01:51:18.308 | ERROR    | __main__:amz_tag_price:68 - amz-price not found
2019-11-29 01:51:18.314 | INFO     | __main__:amz_run:119 - processed: Sceptre-Class-FHD-1080P-X505BV-FSR
2019-11-29 01:51:18.314 | INFO     | __main__:amz_run:111 - processing: VIZIO-Quantum-Class-Diag-Smart
2019-11-29 01:51:29.869 | INFO     | __main__:amz_run:119 - processed: VIZIO-Quantum-Class-Diag-Smart
2019-11-29 01:51:29.870 | INFO     | __main__:amz_run:111 - processing: SAMSUNG-Class-FullHD-Smart-UN40N5200AFXZA
2019-11-29 01:51:39.744 | ERROR    | __main__:amz_tag_price:68 - amz-price not found
2019-11-29 01:51:39.748 | INFO     | __main__:amz_run:119 - processed: SAMSUNG-Class-FullHD-Smart-UN40N5200AFXZA
2019-11-29 01:51:39.749 | INFO     | __main__:amz_run:111 - processing: LG-24in-Class-720p-60Hz
2019-11-29 01:51:50.115 | INFO     | __main__:amz_run:119 - processed: LG-24in-Class-720p-60Hz
2019-11-29 01:51:50.116 | INFO     | __main__:amz_run:111 - processing: oCosmo-Build-Player-TV-DVD-Combo
2019-11-29 01:52:04.438 | INFO     | __main__:amz_run:119 - processed: oCosmo-Build-Player-TV-DVD-Combo
2019-11-29 01:52:04.438 | INFO     | __main__:amz_run:111 - processing: Hisense-43R7E-43-inch-Ultra-Smart
2019-11-29 01:52:17.517 | INFO     | __main__:amz_run:119 - processed: Hisense-43R7E-43-inch-Ultra-Smart
